==== train.py @ 2026-05-10 11:11:17 ====
args: {'index': 'nuscenes/data/nuscenes_ped_intent_seq3_v2.pkl', 'epochs': 50, 'batch_size': 8, 'lr': 0.0001, 'weight_decay': 1e-05, 'version': 'vfuture_intent', 'device': 'cuda:0', 'train_limit': 0, 'val_limit': 0, 'shuffle': False, 'no_seg': False, 'seed': 42, 'weights_out': '/root/IntentFormer/nuscenes/weights_v_nuscenes'}
Loading seq index nuscenes/data/nuscenes_ped_intent_seq3_v2.pkl ...
Traceback (most recent call last):
  File "train.py", line 156, in <module>
    main()
  File "train.py", line 86, in main
    train_recs, meta = load_records(args.index, 'train')
  File "/root/IntentFormer/nuscenes/data_gen.py", line 173, in load_records
    with open(pkl_path, 'rb') as f:
FileNotFoundError: [Errno 2] No such file or directory: 'nuscenes/data/nuscenes_ped_intent_seq3_v2.pkl'
==== train.py @ 2026-05-10 11:12:10 ====
args: {'index': '/root/IntentFormer/nuscenes/data/nuscenes_ped_intent_seq3_v2.pkl', 'epochs': 50, 'batch_size': 8, 'lr': 0.0001, 'weight_decay': 1e-05, 'version': 'vfuture_intent', 'device': 'cuda:0', 'train_limit': 0, 'val_limit': 0, 'shuffle': False, 'no_seg': False, 'seed': 42, 'weights_out': '/root/IntentFormer/nuscenes/weights_v_nuscenes'}
Loading seq index /root/IntentFormer/nuscenes/data/nuscenes_ped_intent_seq3_v2.pkl ...
  train: 18242  val: 5278
  meta: {'k': 3, 'look_ahead': 4, 'min_bbox': 20, 'nusc_version': 'v1.0-trainval', 'drop_reasons': {'insufficient_history': 22842, 'intent_undefined': 307519, 'past_frame_placeholder': 192451, 'past_placeholder_no_annotation': 18696, 'anchor_not_a_pedestrian': 84844, 'past_placeholder_not_a_pedestrian': 156656, 'non_pedestrian_intent': 8150, 'past_placeholder_bbox_too_small': 6574, 'anchor_bbox_too_small': 3370, 'anchor_no_sensor_return': 5172, 'past_placeholder_no_sensor_return': 9706, 'past_placeholder_not_in_cam_front': 819, 'anchor_not_in_cam_front': 10, 'anchor_no_annotation': 9}, 'n_train_scenes': 321, 'n_val_scenes': 150, 'source_pkl': '/mnt/storage/EfficientPIE/nuscenes_infos_temporal_train.pkl', 'source_json': '/mnt/nuscenes/nuScenes/unified_map_v3/all_scenes_compact_new.json', 'seg_cache_dir': '/mnt/storage/IntentFormer/seg_cache', 'index_schema_version': 3, 'past_frame_placeholders_allowed': True}
after limits: train=18242 val=5278
  train positives: 4547/18242 (24.9%)
  val   positives: 1040/5278 (19.7%)
steps/epoch: train=2280 val=659
Building model ...
params: 5,804,982
Starting fit ...
Epoch 1/50

Epoch 1: saving model to /root/IntentFormer/nuscenes/weights_v_nuscenes/vvfuture_intent/cp_01.h5
2280/2280 - 527s - loss: 1.9391 - rgb_o_loss: 0.5684 - seg_o_loss: 0.5269 - traj_o_loss: 0.5240 - rgb_o_accuracy: 0.7356 - seg_o_accuracy: 0.7573 - traj_o_accuracy: 0.7612 - val_loss: 1.6100 - val_rgb_o_loss: 0.5201 - val_seg_o_loss: 0.4605 - val_traj_o_loss: 0.4690 - val_rgb_o_accuracy: 0.8033 - val_seg_o_accuracy: 0.8141 - val_traj_o_accuracy: 0.8122 - lr: 1.0000e-04 - 527s/epoch - 231ms/step
Epoch 2/50

Epoch 2: saving model to /root/IntentFormer/nuscenes/weights_v_nuscenes/vvfuture_intent/cp_02.h5
2280/2280 - 365s - loss: 1.6577 - rgb_o_loss: 0.5290 - seg_o_loss: 0.4864 - traj_o_loss: 0.4869 - rgb_o_accuracy: 0.7514 - seg_o_accuracy: 0.7862 - traj_o_accuracy: 0.7850 - val_loss: 1.4943 - val_rgb_o_loss: 0.4827 - val_seg_o_loss: 0.4390 - val_traj_o_loss: 0.4399 - val_rgb_o_accuracy: 0.8054 - val_seg_o_accuracy: 0.8234 - val_traj_o_accuracy: 0.8255 - lr: 1.0000e-04 - 365s/epoch - 160ms/step
Epoch 3/50

Epoch 3: saving model to /root/IntentFormer/nuscenes/weights_v_nuscenes/vvfuture_intent/cp_03.h5
2280/2280 - 423s - loss: 1.5467 - rgb_o_loss: 0.5030 - seg_o_loss: 0.4517 - traj_o_loss: 0.4516 - rgb_o_accuracy: 0.7607 - seg_o_accuracy: 0.8077 - traj_o_accuracy: 0.8043 - val_loss: 1.5475 - val_rgb_o_loss: 0.4849 - val_seg_o_loss: 0.4639 - val_traj_o_loss: 0.4657 - val_rgb_o_accuracy: 0.7841 - val_seg_o_accuracy: 0.7929 - val_traj_o_accuracy: 0.7915 - lr: 1.0000e-04 - 423s/epoch - 186ms/step
Epoch 4/50

Epoch 4: saving model to /root/IntentFormer/nuscenes/weights_v_nuscenes/vvfuture_intent/cp_04.h5
2280/2280 - 421s - loss: 1.4631 - rgb_o_loss: 0.4800 - seg_o_loss: 0.4220 - traj_o_loss: 0.4245 - rgb_o_accuracy: 0.7826 - seg_o_accuracy: 0.8220 - traj_o_accuracy: 0.8210 - val_loss: 1.4406 - val_rgb_o_loss: 0.4802 - val_seg_o_loss: 0.4217 - val_traj_o_loss: 0.4206 - val_rgb_o_accuracy: 0.7921 - val_seg_o_accuracy: 0.8297 - val_traj_o_accuracy: 0.8314 - lr: 1.0000e-04 - 421s/epoch - 185ms/step
Epoch 5/50

Epoch 5: saving model to /root/IntentFormer/nuscenes/weights_v_nuscenes/vvfuture_intent/cp_05.h5
2280/2280 - 420s - loss: 1.3892 - rgb_o_loss: 0.4558 - seg_o_loss: 0.3982 - traj_o_loss: 0.3990 - rgb_o_accuracy: 0.7948 - seg_o_accuracy: 0.8336 - traj_o_accuracy: 0.8316 - val_loss: 1.5471 - val_rgb_o_loss: 0.4926 - val_seg_o_loss: 0.4611 - val_traj_o_loss: 0.4708 - val_rgb_o_accuracy: 0.7851 - val_seg_o_accuracy: 0.7982 - val_traj_o_accuracy: 0.7896 - lr: 1.0000e-04 - 420s/epoch - 184ms/step
Epoch 6/50

Epoch 6: saving model to /root/IntentFormer/nuscenes/weights_v_nuscenes/vvfuture_intent/cp_06.h5
2280/2280 - 418s - loss: 1.3202 - rgb_o_loss: 0.4325 - seg_o_loss: 0.3745 - traj_o_loss: 0.3748 - rgb_o_accuracy: 0.8112 - seg_o_accuracy: 0.8481 - traj_o_accuracy: 0.8467 - val_loss: 1.6643 - val_rgb_o_loss: 0.5326 - val_seg_o_loss: 0.5025 - val_traj_o_loss: 0.5067 - val_rgb_o_accuracy: 0.7874 - val_seg_o_accuracy: 0.8035 - val_traj_o_accuracy: 0.8039 - lr: 1.0000e-04 - 418s/epoch - 183ms/step
Epoch 7/50

Epoch 7: saving model to /root/IntentFormer/nuscenes/weights_v_nuscenes/vvfuture_intent/cp_07.h5
2280/2280 - 418s - loss: 1.2552 - rgb_o_loss: 0.4148 - seg_o_loss: 0.3523 - traj_o_loss: 0.3515 - rgb_o_accuracy: 0.8225 - seg_o_accuracy: 0.8565 - traj_o_accuracy: 0.8567 - val_loss: 1.6638 - val_rgb_o_loss: 0.5362 - val_seg_o_loss: 0.4955 - val_traj_o_loss: 0.5013 - val_rgb_o_accuracy: 0.7745 - val_seg_o_accuracy: 0.7798 - val_traj_o_accuracy: 0.7773 - lr: 1.0000e-04 - 418s/epoch - 183ms/step
Epoch 8/50
